2026-01-18 05:56:02,165 - __main__ - INFO - 🚀 Starting Planetary Optimization Network Demonstration
2026-01-18 05:56:02,165 - __main__ - INFO - 🌍 Initializing OMNI-SYSTEM-ULTIMATE Planetary Optimizer...
2026-01-18 05:56:04,399 - planetary_optimization.planetary_optimizer - ERROR - Failed to load AI model: No `Args` or `Parameters` section is found in the docstring of `SequenceClassifierOutputWithPast`. Make sure it has docstring and contain either `Args` or `Parameters`.
2026-01-18 05:56:04,399 - __main__ - ERROR - ❌ Demonstration failed: EnergyGridOptimizer.__init__() takes 1 positional argument but 2 were given
2026-01-18 05:56:21,518 - __main__ - INFO - 🚀 Starting Planetary Optimization Network Demonstration
2026-01-18 05:56:21,519 - __main__ - INFO - 🌍 Initializing OMNI-SYSTEM-ULTIMATE Planetary Optimizer...
2026-01-18 05:56:22,724 - planetary_optimization.planetary_optimizer - ERROR - Failed to load AI model: No `Args` or `Parameters` section is found in the docstring of `SequenceClassifierOutputWithPast`. Make sure it has docstring and contain either `Args` or `Parameters`.
2026-01-18 05:56:22,731 - __main__ - ERROR - ❌ Demonstration failed: asyncio.run() cannot be called from a running event loop
2026-01-18 05:56:37,814 - __main__ - INFO - 🚀 Starting Planetary Optimization Network Demonstration
2026-01-18 05:56:37,814 - __main__ - INFO - 🌍 Initializing OMNI-SYSTEM-ULTIMATE Planetary Optimizer...
2026-01-18 05:56:38,796 - planetary_optimization.planetary_optimizer - ERROR - Failed to load AI model: No `Args` or `Parameters` section is found in the docstring of `SequenceClassifierOutputWithPast`. Make sure it has docstring and contain either `Args` or `Parameters`.
2026-01-18 05:56:38,797 - __main__ - ERROR - ❌ Demonstration failed: Cannot run the event loop while another loop is running
2026-01-18 05:56:53,547 - __main__ - INFO - 🚀 Starting Planetary Optimization Network Demonstration
2026-01-18 05:56:53,548 - __main__ - INFO - 🌍 Initializing OMNI-SYSTEM-ULTIMATE Planetary Optimizer...
2026-01-18 05:56:54,529 - planetary_optimization.planetary_optimizer - ERROR - Failed to load AI model: No `Args` or `Parameters` section is found in the docstring of `SequenceClassifierOutputWithPast`. Make sure it has docstring and contain either `Args` or `Parameters`.
2026-01-18 05:56:54,531 - __main__ - ERROR - ❌ Demonstration failed: array is too big; `arr.size * arr.dtype.itemsize` is larger than the maximum possible size.
2026-01-18 05:57:11,396 - __main__ - INFO - 🚀 Starting Planetary Optimization Network Demonstration
2026-01-18 05:57:11,396 - __main__ - INFO - 🌍 Initializing OMNI-SYSTEM-ULTIMATE Planetary Optimizer...
2026-01-18 05:57:12,440 - planetary_optimization.planetary_optimizer - ERROR - Failed to load AI model: No `Args` or `Parameters` section is found in the docstring of `SequenceClassifierOutputWithPast`. Make sure it has docstring and contain either `Args` or `Parameters`.
2026-01-18 05:57:12,442 - planetary_optimization.planetary_optimizer - INFO - Planetary Optimizer initialized with 17 components
2026-01-18 05:57:12,442 - __main__ - INFO - ✅ Planetary Optimizer initialized successfully
2026-01-18 05:57:12,442 - __main__ - ERROR - ❌ Demonstration failed: 'EnergyGridOptimizer' object has no attribute 'get_component_status'
2026-01-18 05:57:27,793 - __main__ - INFO - 🚀 Starting Planetary Optimization Network Demonstration
2026-01-18 05:57:27,793 - __main__ - INFO - 🌍 Initializing OMNI-SYSTEM-ULTIMATE Planetary Optimizer...
2026-01-18 05:57:28,707 - planetary_optimization.planetary_optimizer - ERROR - Failed to load AI model: No `Args` or `Parameters` section is found in the docstring of `SequenceClassifierOutputWithPast`. Make sure it has docstring and contain either `Args` or `Parameters`.
2026-01-18 05:57:28,709 - planetary_optimization.planetary_optimizer - INFO - Planetary Optimizer initialized with 17 components
2026-01-18 05:57:28,709 - __main__ - INFO - ✅ Planetary Optimizer initialized successfully
2026-01-18 05:57:28,709 - __main__ - INFO - 📊 System Status: {
  "system_health": "optimal",
  "component_count": 18,
  "component_statuses": {
    "energy_grid": {
      "component_name": "energy",
      "status": "initialized",
      "efficiency": 0.0,
      "performance": 0.0,
      "scalability": 0.0,
      "security": 0.0,
      "impact": 0.0,
      "infinite_potential": true
    },
    "carbon_sequester": {
      "component_name": "carbon_sequester",
      "capture_efficiency": 0.0,
      "fractal_network_levels": 0,
      "zero_point_integrated": false,
      "global_nodes": 1000000,
      "consciousness_amplifier": 1.0,
      "net_zero_achieved": false,
      "infinite_potential": true,
      "ultimate_achievement": "carbon_neutral_planet"
    },
    "oceanic_harnessing": {
      "component_name": "oceanic_harnessing",
      "harnessing_efficiency": 0.0,
      "fractal_network_levels": 0,
      "zero_point_ocean_integrated": false,
      "global_ocean_zones": 100000,
      "wave_consciousness_amplifier": 1.0,
      "infinite_ocean_energy": false,
      "infinite_potential": true,
      "ultimate_achievement": "ocean_energy_dominance"
    },
    "resource_mapping": {
      "component_name": "resource_mapping",
      "mapping_efficiency": 0.0,
      "fractal_network_levels": 0,
      "zero_point_resource_integrated": false,
      "global_resource_sites": 500000,
      "resource_consciousness_amplifier": 1.0,
      "infinite_resource_discovery": false,
      "infinite_potential": true,
      "ultimate_achievement": "planetary_resource_dominance"
    },
    "climate_prediction": {
      "component_name": "climate_prediction",
      "prediction_accuracy": 0.0,
      "fractal_network_levels": 0,
      "zero_point_climate_integrated": false,
      "global_climate_stations": 200000,
      "weather_consciousness_amplifier": 1.0,
      "infinite_climate_prediction": false,
      "infinite_potential": true,
      "ultimate_achievement": "planetary_climate_dominance"
    },
    "biodiversity_optimizer": {
      "component_name": "biodiversity_optimizer",
      "biodiversity_efficiency": 0.0,
      "fractal_network_levels": 0,
      "zero_point_life_integrated": false,
      "global_ecosystem_zones": 300000,
      "life_consciousness_amplifier": 1.0,
      "infinite_biodiversity": false,
      "infinite_potential": true,
      "ultimate_achievement": "planetary_life_dominance"
    },
    "population_flow_manager": {
      "component_name": "population_flow_manager",
      "population_efficiency": 0.0,
      "fractal_network_levels": 0,
      "zero_point_demographic_integrated": false,
      "global_population_centers": 150000,
      "demographic_consciousness_amplifier": 1.0,
      "infinite_population_flow": false,
      "infinite_potential": true,
      "ultimate_achievement": "planetary_population_dominance"
    },
    "economic_equilibrium": {
      "component_name": "economic_equilibrium",
      "economic_efficiency": 0.0,
      "fractal_network_levels": 0,
      "zero_point_wealth_integrated": false,
      "global_economic_nodes": 400000,
      "wealth_consciousness_amplifier": 1.0,
      "infinite_economic_equilibrium": false,
      "infinite_potential": true,
      "ultimate_achievement": "planetary_wealth_dominance"
    },
    "communication_latency_eliminator": {
      "component_name": "communication_latency_eliminator",
      "communication_efficiency": 0.0,
      "fractal_mesh_levels": 0,
      "zero_point_information_integrated": false,
      "global_network_nodes": 1000000,
      "information_consciousness_amplifier": 1.0,
      "infinite_communication": false,
      "infinite_potential": true,
      "ultimate_achievement": "planetary_communication_dominance"
    },
    "transportation_optimizer": {
      "component_name": "transportation_optimizer",
      "transportation_efficiency": 0.0,
      "fractal_network_levels": 0,
      "zero_point_motion_integrated": false,
      "global_transportation_hubs": 250000,
      "motion_consciousness_amplifier": 1.0,
      "infinite_transportation": false,
      "infinite_potential": true,
      "ultimate_achievement": "planetary_transportation_dominance"
    },
    "waste_to_energy_converter": {
      "component_name": "waste_to_energy_converter",
      "conversion_efficiency": 0.0,
      "fractal_network_levels": 0,
      "zero_point_conversion_integrated": false,
      "global_conversion_facilities": 180000,
      "conversion_consciousness_amplifier": 1.0,
      "infinite_waste_conversion": false,
      "infinite_potential": true,
      "ultimate_achievement": "planetary_waste_dominance"
    },
    "water_distribution": {
      "component_name": "water_distribution",
      "distribution_efficiency": 0.0,
      "fractal_network_levels": 0,
      "zero_point_water_integrated": false,
      "global_water_facilities": 150000,
      "hydrological_consciousness_amplifier": 1.0,
      "infinite_water_distribution": false,
      "infinite_potential": true,
      "ultimate_achievement": "planetary_water_dominance"
    },
    "agricultural_yield_maximizer": {
      "component_name": "agricultural_yield_maximizer",
      "yield_efficiency": 0.0,
      "fractal_network_levels": 0,
      "zero_point_growth_integrated": false,
      "global_farms": 200000,
      "growth_consciousness_amplifier": 1.0,
      "infinite_agricultural_yield": false,
      "infinite_potential": true,
      "ultimate_achievement": "planetary_food_dominance"
    },
    "health_pandemic_predictor": {
      "component_name": "health_pandemic_predictor",
      "health_efficiency": 0.0,
      "fractal_network_levels": 0,
      "zero_point_immunity_integrated": false,
      "global_health_centers": 250000,
      "immunity_consciousness_amplifier": 1.0,
      "infinite_health_optimization": false,
      "infinite_potential": true,
      "ultimate_achievement": "planetary_health_dominance"
    },
    "education_intelligence_amplifier": {
      "component_name": "education_intelligence_amplifier",
      "education_efficiency": 0.0,
      "fractal_network_levels": 0,
      "zero_point_learning_integrated": false,
      "global_education_centers": 300000,
      "intelligence_consciousness_amplifier": 1.0,
      "infinite_education_optimization": false,
      "infinite_potential": true,
      "ultimate_achievement": "planetary_intelligence_dominance"
    },
    "space_colonization_accelerator": {
      "component_name": "space_colonization_accelerator",
      "space_efficiency": 0.0,
      "fractal_network_levels": 0,
      "zero_point_propulsion_integrated": false,
      "interstellar_colonies": 350000,
      "propulsion_consciousness_amplifier": 1.0,
      "infinite_space_optimization": false,
      "infinite_potential": true,
      "ultimate_achievement": "universal_civilization_dominance"
    },
    "consciousness_singularity_inducer": {
      "component_name": "consciousness_singularity_inducer",
      "consciousness_efficiency": 0.0,
      "fractal_network_levels": 0,
      "zero_point_consciousness_integrated": false,
      "global_consciousness_centers": 400000,
      "singularity_consciousness_amplifier": 1.0,
      "infinite_consciousness_optimization": false,
      "infinite_potential": true,
      "ultimate_achievement": "universal_singularity_dominance"
    },
    "universal_creation_synthesizer": {
      "component_name": "universal_creation_synthesizer",
      "creation_efficiency": 0.0,
      "fractal_network_levels": 0,
      "zero_point_creation_integrated": false,
      "universal_creation_centers": 450000,
      "creation_consciousness_amplifier": 1.0,
      "infinite_creation_optimization": false,
      "infinite_potential": true,
      "ultimate_achievement": "universal_creation_dominance"
    }
  },
  "frem_status": "entangled",
  "optimization_cycles": 0,
  "performance_metrics": {},
  "planetary_coverage": "100%",
  "ai_intelligence_level": "infinite",
  "quantum_coherence": "perfect",
  "security_status": "unbreakable",
  "economic_impact": "infinite",
  "total_efficiency_gain": 0.0,
  "infinite_optimization_achieved": true
}
2026-01-18 05:57:28,710 - __main__ - INFO - ⚡ Starting planetary optimization cycle (60 seconds)...
2026-01-18 05:57:28,710 - planetary_optimization.planetary_optimizer - INFO - Starting planetary optimization for 60 seconds
2026-01-18 05:57:28,710 - __main__ - ERROR - ❌ Demonstration failed: 'EnergyGridOptimizer' object has no attribute 'domain'
2026-01-18 05:57:45,397 - __main__ - INFO - 🚀 Starting Planetary Optimization Network Demonstration
2026-01-18 05:57:45,397 - __main__ - INFO - 🌍 Initializing OMNI-SYSTEM-ULTIMATE Planetary Optimizer...
2026-01-18 05:57:46,331 - planetary_optimization.planetary_optimizer - ERROR - Failed to load AI model: No `Args` or `Parameters` section is found in the docstring of `SequenceClassifierOutputWithPast`. Make sure it has docstring and contain either `Args` or `Parameters`.
2026-01-18 05:57:46,333 - planetary_optimization.planetary_optimizer - INFO - Planetary Optimizer initialized with 17 components
2026-01-18 05:57:46,334 - __main__ - INFO - ✅ Planetary Optimizer initialized successfully
2026-01-18 05:57:46,334 - __main__ - INFO - 📊 System Status: {
  "system_health": "optimal",
  "component_count": 18,
  "component_statuses": {
    "energy_grid": {
      "component_name": "energy",
      "status": "initialized",
      "efficiency": 0.0,
      "performance": 0.0,
      "scalability": 0.0,
      "security": 0.0,
      "impact": 0.0,
      "infinite_potential": true
    },
    "carbon_sequester": {
      "component_name": "carbon_sequester",
      "capture_efficiency": 0.0,
      "fractal_network_levels": 0,
      "zero_point_integrated": false,
      "global_nodes": 1000000,
      "consciousness_amplifier": 1.0,
      "net_zero_achieved": false,
      "infinite_potential": true,
      "ultimate_achievement": "carbon_neutral_planet"
    },
    "oceanic_harnessing": {
      "component_name": "oceanic_harnessing",
      "harnessing_efficiency": 0.0,
      "fractal_network_levels": 0,
      "zero_point_ocean_integrated": false,
      "global_ocean_zones": 100000,
      "wave_consciousness_amplifier": 1.0,
      "infinite_ocean_energy": false,
      "infinite_potential": true,
      "ultimate_achievement": "ocean_energy_dominance"
    },
    "resource_mapping": {
      "component_name": "resource_mapping",
      "mapping_efficiency": 0.0,
      "fractal_network_levels": 0,
      "zero_point_resource_integrated": false,
      "global_resource_sites": 500000,
      "resource_consciousness_amplifier": 1.0,
      "infinite_resource_discovery": false,
      "infinite_potential": true,
      "ultimate_achievement": "planetary_resource_dominance"
    },
    "climate_prediction": {
      "component_name": "climate_prediction",
      "prediction_accuracy": 0.0,
      "fractal_network_levels": 0,
      "zero_point_climate_integrated": false,
      "global_climate_stations": 200000,
      "weather_consciousness_amplifier": 1.0,
      "infinite_climate_prediction": false,
      "infinite_potential": true,
      "ultimate_achievement": "planetary_climate_dominance"
    },
    "biodiversity_optimizer": {
      "component_name": "biodiversity_optimizer",
      "biodiversity_efficiency": 0.0,
      "fractal_network_levels": 0,
      "zero_point_life_integrated": false,
      "global_ecosystem_zones": 300000,
      "life_consciousness_amplifier": 1.0,
      "infinite_biodiversity": false,
      "infinite_potential": true,
      "ultimate_achievement": "planetary_life_dominance"
    },
    "population_flow_manager": {
      "component_name": "population_flow_manager",
      "population_efficiency": 0.0,
      "fractal_network_levels": 0,
      "zero_point_demographic_integrated": false,
      "global_population_centers": 150000,
      "demographic_consciousness_amplifier": 1.0,
      "infinite_population_flow": false,
      "infinite_potential": true,
      "ultimate_achievement": "planetary_population_dominance"
    },
    "economic_equilibrium": {
      "component_name": "economic_equilibrium",
      "economic_efficiency": 0.0,
      "fractal_network_levels": 0,
      "zero_point_wealth_integrated": false,
      "global_economic_nodes": 400000,
      "wealth_consciousness_amplifier": 1.0,
      "infinite_economic_equilibrium": false,
      "infinite_potential": true,
      "ultimate_achievement": "planetary_wealth_dominance"
    },
    "communication_latency_eliminator": {
      "component_name": "communication_latency_eliminator",
      "communication_efficiency": 0.0,
      "fractal_mesh_levels": 0,
      "zero_point_information_integrated": false,
      "global_network_nodes": 1000000,
      "information_consciousness_amplifier": 1.0,
      "infinite_communication": false,
      "infinite_potential": true,
      "ultimate_achievement": "planetary_communication_dominance"
    },
    "transportation_optimizer": {
      "component_name": "transportation_optimizer",
      "transportation_efficiency": 0.0,
      "fractal_network_levels": 0,
      "zero_point_motion_integrated": false,
      "global_transportation_hubs": 250000,
      "motion_consciousness_amplifier": 1.0,
      "infinite_transportation": false,
      "infinite_potential": true,
      "ultimate_achievement": "planetary_transportation_dominance"
    },
    "waste_to_energy_converter": {
      "component_name": "waste_to_energy_converter",
      "conversion_efficiency": 0.0,
      "fractal_network_levels": 0,
      "zero_point_conversion_integrated": false,
      "global_conversion_facilities": 180000,
      "conversion_consciousness_amplifier": 1.0,
      "infinite_waste_conversion": false,
      "infinite_potential": true,
      "ultimate_achievement": "planetary_waste_dominance"
    },
    "water_distribution": {
      "component_name": "water_distribution",
      "distribution_efficiency": 0.0,
      "fractal_network_levels": 0,
      "zero_point_water_integrated": false,
      "global_water_facilities": 150000,
      "hydrological_consciousness_amplifier": 1.0,
      "infinite_water_distribution": false,
      "infinite_potential": true,
      "ultimate_achievement": "planetary_water_dominance"
    },
    "agricultural_yield_maximizer": {
      "component_name": "agricultural_yield_maximizer",
      "yield_efficiency": 0.0,
      "fractal_network_levels": 0,
      "zero_point_growth_integrated": false,
      "global_farms": 200000,
      "growth_consciousness_amplifier": 1.0,
      "infinite_agricultural_yield": false,
      "infinite_potential": true,
      "ultimate_achievement": "planetary_food_dominance"
    },
    "health_pandemic_predictor": {
      "component_name": "health_pandemic_predictor",
      "health_efficiency": 0.0,
      "fractal_network_levels": 0,
      "zero_point_immunity_integrated": false,
      "global_health_centers": 250000,
      "immunity_consciousness_amplifier": 1.0,
      "infinite_health_optimization": false,
      "infinite_potential": true,
      "ultimate_achievement": "planetary_health_dominance"
    },
    "education_intelligence_amplifier": {
      "component_name": "education_intelligence_amplifier",
      "education_efficiency": 0.0,
      "fractal_network_levels": 0,
      "zero_point_learning_integrated": false,
      "global_education_centers": 300000,
      "intelligence_consciousness_amplifier": 1.0,
      "infinite_education_optimization": false,
      "infinite_potential": true,
      "ultimate_achievement": "planetary_intelligence_dominance"
    },
    "space_colonization_accelerator": {
      "component_name": "space_colonization_accelerator",
      "space_efficiency": 0.0,
      "fractal_network_levels": 0,
      "zero_point_propulsion_integrated": false,
      "interstellar_colonies": 350000,
      "propulsion_consciousness_amplifier": 1.0,
      "infinite_space_optimization": false,
      "infinite_potential": true,
      "ultimate_achievement": "universal_civilization_dominance"
    },
    "consciousness_singularity_inducer": {
      "component_name": "consciousness_singularity_inducer",
      "consciousness_efficiency": 0.0,
      "fractal_network_levels": 0,
      "zero_point_consciousness_integrated": false,
      "global_consciousness_centers": 400000,
      "singularity_consciousness_amplifier": 1.0,
      "infinite_consciousness_optimization": false,
      "infinite_potential": true,
      "ultimate_achievement": "universal_singularity_dominance"
    },
    "universal_creation_synthesizer": {
      "component_name": "universal_creation_synthesizer",
      "creation_efficiency": 0.0,
      "fractal_network_levels": 0,
      "zero_point_creation_integrated": false,
      "universal_creation_centers": 450000,
      "creation_consciousness_amplifier": 1.0,
      "infinite_creation_optimization": false,
      "infinite_potential": true,
      "ultimate_achievement": "universal_creation_dominance"
    }
  },
  "frem_status": "entangled",
  "optimization_cycles": 0,
  "performance_metrics": {},
  "planetary_coverage": "100%",
  "ai_intelligence_level": "infinite",
  "quantum_coherence": "perfect",
  "security_status": "unbreakable",
  "economic_impact": "infinite",
  "total_efficiency_gain": 0.0,
  "infinite_optimization_achieved": true
}
2026-01-18 05:57:46,334 - __main__ - INFO - ⚡ Starting planetary optimization cycle (60 seconds)...
2026-01-18 05:57:46,334 - planetary_optimization.planetary_optimizer - INFO - Starting planetary optimization for 60 seconds
2026-01-18 05:57:46,334 - __main__ - ERROR - ❌ Demonstration failed: 'EnergyGridOptimizer' object has no attribute 'quantum_circuit'
